1602783067888	geckodriver	INFO	Listening on 127.0.0.1:53937
1602783068889	mozrunner::runner	INFO	Running command: "/Applications/Firefox.app/Contents/MacOS/firefox-bin" "--marionette" "--lang=en" "--start-maximized" "-foreground" "-no-remote" "-profile" "/var/folders/r6/nb6z1l350yng5hfprt5hhgbm0000gn/T/rust_mozprofileuJ22Ra"
console.error: SearchCache: "_readCacheFile: Error reading cache file:" (new Error("", "(unknown module)"))
1602783072537	Marionette	INFO	Listening on port 53948
1602783072586	Marionette	WARN	TLS certificate errors will be ignored for this session
1602835708014	geckodriver	INFO	Listening on 127.0.0.1:54972
1602835709028	mozrunner::runner	INFO	Running command: "/Applications/Firefox.app/Contents/MacOS/firefox-bin" "--marionette" "--lang=en" "--start-maximized" "-foreground" "-no-remote" "-profile" "/var/folders/r6/nb6z1l350yng5hfprt5hhgbm0000gn/T/rust_mozprofile7J5efl"
console.error: SearchCache: "_readCacheFile: Error reading cache file:" (new Error("", "(unknown module)"))
1602835711678	Marionette	INFO	Listening on port 54983
1602835711698	Marionette	WARN	TLS certificate errors will be ignored for this session
1602835727373	geckodriver	INFO	Listening on 127.0.0.1:55052
1602835728367	mozrunner::runner	INFO	Running command: "/Applications/Firefox.app/Contents/MacOS/firefox-bin" "--marionette" "--lang=en" "--start-maximized" "-foreground" "-no-remote" "-profile" "/var/folders/r6/nb6z1l350yng5hfprt5hhgbm0000gn/T/rust_mozprofile8dv5nz"
console.error: SearchCache: "_readCacheFile: Error reading cache file:" (new Error("", "(unknown module)"))
1602835730985	Marionette	INFO	Listening on port 55063
1602835731035	Marionette	WARN	TLS certificate errors will be ignored for this session
1602835763019	Marionette	INFO	Stopped listening on port 55063
1602835763894	Marionette	INFO	Stopped listening on port 54983
1602835765791	Marionette	INFO	Stopped listening on port 53948
1602835772708	geckodriver	INFO	Listening on 127.0.0.1:55122
1602835773710	mozrunner::runner	INFO	Running command: "/Applications/Firefox.app/Contents/MacOS/firefox-bin" "--marionette" "--lang=en" "--start-maximized" "-foreground" "-no-remote" "-profile" "/var/folders/r6/nb6z1l350yng5hfprt5hhgbm0000gn/T/rust_mozprofileA1ATG7"
console.error: SearchCache: "_readCacheFile: Error reading cache file:" (new Error("", "(unknown module)"))
1602835775780	Marionette	INFO	Listening on port 55133
1602835775853	Marionette	WARN	TLS certificate errors will be ignored for this session
1602835790419	geckodriver	INFO	Listening on 127.0.0.1:55196
1602835791402	mozrunner::runner	INFO	Running command: "/Applications/Firefox.app/Contents/MacOS/firefox-bin" "--marionette" "--lang=en" "--start-maximized" "-foreground" "-no-remote" "-profile" "/var/folders/r6/nb6z1l350yng5hfprt5hhgbm0000gn/T/rust_mozprofilegPjObh"
console.error: SearchCache: "_readCacheFile: Error reading cache file:" (new Error("", "(unknown module)"))
1602835793593	Marionette	INFO	Listening on port 55207
1602835793654	Marionette	WARN	TLS certificate errors will be ignored for this session
1602835816462	Marionette	INFO	Stopped listening on port 55133
1602835817738	Marionette	INFO	Stopped listening on port 55207
1602836091426	geckodriver	INFO	Listening on 127.0.0.1:55284
1602836092435	mozrunner::runner	INFO	Running command: "/Applications/Firefox.app/Contents/MacOS/firefox-bin" "--marionette" "--lang=en" "--start-maximized" "-foreground" "-no-remote" "-profile" "/var/folders/r6/nb6z1l350yng5hfprt5hhgbm0000gn/T/rust_mozprofile3giFE0"
console.error: SearchCache: "_readCacheFile: Error reading cache file:" (new Error("", "(unknown module)"))
1602836094631	Marionette	INFO	Listening on port 55295
1602836094684	Marionette	WARN	TLS certificate errors will be ignored for this session
1602836109827	geckodriver	INFO	Listening on 127.0.0.1:55360
1602836110796	mozrunner::runner	INFO	Running command: "/Applications/Firefox.app/Contents/MacOS/firefox-bin" "--marionette" "--lang=en" "--start-maximized" "-foreground" "-no-remote" "-profile" "/var/folders/r6/nb6z1l350yng5hfprt5hhgbm0000gn/T/rust_mozprofileo8Ibp9"
console.error: SearchCache: "_readCacheFile: Error reading cache file:" (new Error("", "(unknown module)"))
1602836113142	Marionette	INFO	Listening on port 55373
1602836113152	Marionette	WARN	TLS certificate errors will be ignored for this session
1602836401182	geckodriver	INFO	Listening on 127.0.0.1:55436
1602836402175	mozrunner::runner	INFO	Running command: "/Applications/Firefox.app/Contents/MacOS/firefox-bin" "--marionette" "--lang=en" "--start-maximized" "-foreground" "-no-remote" "-profile" "/var/folders/r6/nb6z1l350yng5hfprt5hhgbm0000gn/T/rust_mozprofileZckdA6"
console.error: SearchCache: "_readCacheFile: Error reading cache file:" (new Error("", "(unknown module)"))
1602836404396	Marionette	INFO	Listening on port 55449
1602836404428	Marionette	WARN	TLS certificate errors will be ignored for this session
1602836451993	Marionette	WARN	TimedPromise timed out after 500 ms: stacktrace:
TimedPromise/<@chrome://marionette/content/sync.js:245:13
TimedPromise@chrome://marionette/content/sync.js:230:10
interaction.flushEventLoop@chrome://marionette/content/interaction.js:416:10
webdriverClickElement@chrome://marionette/content/interaction.js:182:31
1602836455323	Marionette	WARN	TimedPromise timed out after 500 ms: stacktrace:
TimedPromise/<@chrome://marionette/content/sync.js:245:13
TimedPromise@chrome://marionette/content/sync.js:230:10
interaction.flushEventLoop@chrome://marionette/content/interaction.js:416:10
webdriverClickElement@chrome://marionette/content/interaction.js:182:31
SourceActor threw an exception: [Exception... "Component returned failure code: 0x80470002 (NS_BASE_STREAM_CLOSED) [nsIInputStream.available]"  nsresult: "0x80470002 (NS_BASE_STREAM_CLOSED)"  location: "JS frame :: resource://devtools/shared/DevToolsUtils.js :: onResponse :: line 560"  data: no]
Stack: onResponse@resource://devtools/shared/DevToolsUtils.js:560:34
onStopRequest@resource://gre/modules/NetUtil.jsm:128:18
Line: 560, column: 0
console.error: ({})
JavaScript error: resource://devtools/shared/DevToolsUtils.js, line 560: NS_BASE_STREAM_CLOSED: Component returned failure code: 0x80470002 (NS_BASE_STREAM_CLOSED) [nsIInputStream.available]
1602836654428	Marionette	INFO	Stopped listening on port 55449
1602836656740	Marionette	INFO	Stopped listening on port 55373
1602836658277	Marionette	INFO	Stopped listening on port 55295
1602853260403	geckodriver	INFO	Listening on 127.0.0.1:57299
1602853261406	mozrunner::runner	INFO	Running command: "/Applications/Firefox.app/Contents/MacOS/firefox-bin" "--marionette" "--lang=en" "--start-maximized" "-foreground" "-no-remote" "-profile" "/var/folders/r6/nb6z1l350yng5hfprt5hhgbm0000gn/T/rust_mozprofilek3vwPq"
console.error: SearchCache: "_readCacheFile: Error reading cache file:" (new Error("", "(unknown module)"))
1602853264852	Marionette	INFO	Listening on port 57310
1602853264887	Marionette	WARN	TLS certificate errors will be ignored for this session
1602853860546	geckodriver	INFO	Listening on 127.0.0.1:57965
1602853861525	mozrunner::runner	INFO	Running command: "/Applications/Firefox.app/Contents/MacOS/firefox-bin" "--marionette" "--lang=en" "--start-maximized" "-foreground" "-no-remote" "-profile" "/var/folders/r6/nb6z1l350yng5hfprt5hhgbm0000gn/T/rust_mozprofilerARfqi"
console.error: SearchCache: "_readCacheFile: Error reading cache file:" (new Error("", "(unknown module)"))
1602853863858	Marionette	INFO	Listening on port 57980
1602853863891	Marionette	WARN	TLS certificate errors will be ignored for this session
1602853955939	geckodriver	INFO	Listening on 127.0.0.1:58432
1602853956944	mozrunner::runner	INFO	Running command: "/Applications/Firefox.app/Contents/MacOS/firefox-bin" "--marionette" "--lang=en" "--start-maximized" "-foreground" "-no-remote" "-profile" "/var/folders/r6/nb6z1l350yng5hfprt5hhgbm0000gn/T/rust_mozprofileoacNgz"
console.error: SearchCache: "_readCacheFile: Error reading cache file:" (new Error("", "(unknown module)"))
1602853959717	Marionette	INFO	Listening on port 58447
1602853959816	Marionette	WARN	TLS certificate errors will be ignored for this session
1602854163030	Marionette	INFO	Stopped listening on port 58447
1602854163510	Marionette	INFO	Stopped listening on port 57980
1602854178721	geckodriver	INFO	Listening on 127.0.0.1:59423
1602854179733	mozrunner::runner	INFO	Running command: "/Applications/Firefox.app/Contents/MacOS/firefox-bin" "--marionette" "--lang=en" "--start-maximized" "-foreground" "-no-remote" "-profile" "/var/folders/r6/nb6z1l350yng5hfprt5hhgbm0000gn/T/rust_mozprofile08vnQF"
console.error: SearchCache: "_readCacheFile: Error reading cache file:" (new Error("", "(unknown module)"))
1602854181966	Marionette	INFO	Listening on port 59438
1602854182003	Marionette	WARN	TLS certificate errors will be ignored for this session
1602854230442	Marionette	INFO	Stopped listening on port 59438
1602854328719	geckodriver	INFO	Listening on 127.0.0.1:59996
1602854329729	mozrunner::runner	INFO	Running command: "/Applications/Firefox.app/Contents/MacOS/firefox-bin" "--marionette" "--lang=en" "--start-maximized" "-foreground" "-no-remote" "-profile" "/var/folders/r6/nb6z1l350yng5hfprt5hhgbm0000gn/T/rust_mozprofileW0APvd"
console.error: SearchCache: "_readCacheFile: Error reading cache file:" (new Error("", "(unknown module)"))
1602854332011	Marionette	INFO	Listening on port 60011
1602854332088	Marionette	WARN	TLS certificate errors will be ignored for this session
1602854391890	Marionette	WARN	TimedPromise timed out after 500 ms: stacktrace:
TimedPromise/<@chrome://marionette/content/sync.js:245:13
TimedPromise@chrome://marionette/content/sync.js:230:10
interaction.flushEventLoop@chrome://marionette/content/interaction.js:416:10
webdriverClickElement@chrome://marionette/content/interaction.js:182:31
1602854465144	geckodriver	INFO	Listening on 127.0.0.1:60637
1602854466137	mozrunner::runner	INFO	Running command: "/Applications/Firefox.app/Contents/MacOS/firefox-bin" "--marionette" "--lang=en" "--start-maximized" "-foreground" "-no-remote" "-profile" "/var/folders/r6/nb6z1l350yng5hfprt5hhgbm0000gn/T/rust_mozprofilewBFBn4"
console.error: SearchCache: "_readCacheFile: Error reading cache file:" (new Error("", "(unknown module)"))
1602854468740	Marionette	INFO	Listening on port 60652
1602854468817	Marionette	WARN	TLS certificate errors will be ignored for this session
SourceActor threw an exception: [Exception... "Component returned failure code: 0x80470002 (NS_BASE_STREAM_CLOSED) [nsIInputStream.available]"  nsresult: "0x80470002 (NS_BASE_STREAM_CLOSED)"  location: "JS frame :: resource://devtools/shared/DevToolsUtils.js :: onResponse :: line 560"  data: no]
Stack: onResponse@resource://devtools/shared/DevToolsUtils.js:560:34
onStopRequest@resource://gre/modules/NetUtil.jsm:128:18
Line: 560, column: 0
console.error: ({})
JavaScript error: resource://devtools/shared/DevToolsUtils.js, line 560: NS_BASE_STREAM_CLOSED: Component returned failure code: 0x80470002 (NS_BASE_STREAM_CLOSED) [nsIInputStream.available]
console.error: (new TypeError("container.node.targetFront is null", "resource://devtools/client/inspector/markup/markup.js", 2274))
console.error: "Error while calling actor 'pagestyle's method 'getLayout'" "node is null"
console.error: "getLayout@resource://devtools/server/actors/styles.js:989:5\nhandler@resource://devtools/shared/protocol/Actor.js:166:37\nonPacket@resource://devtools/server/devtools-server-connection.js:379:58\nreceiveMessage@resource://devtools/shared/transport/child-transport.js:66:16\n"
console.error: (new Error("Protocol error (TypeError): node is null from: server0.conn0.child2/pagestyle26 (resource://devtools/server/actors/styles.js:989:5)", "resource://devtools/shared/protocol/Front.js", 327))
1602854529245	Marionette	WARN	TimedPromise timed out after 500 ms: stacktrace:
TimedPromise/<@chrome://marionette/content/sync.js:245:13
TimedPromise@chrome://marionette/content/sync.js:230:10
interaction.flushEventLoop@chrome://marionette/content/interaction.js:416:10
webdriverClickElement@chrome://marionette/content/interaction.js:182:31
1602854544800	geckodriver	INFO	Listening on 127.0.0.1:61056
1602854545802	mozrunner::runner	INFO	Running command: "/Applications/Firefox.app/Contents/MacOS/firefox-bin" "--marionette" "--lang=en" "--start-maximized" "-foreground" "-no-remote" "-profile" "/var/folders/r6/nb6z1l350yng5hfprt5hhgbm0000gn/T/rust_mozprofiled3Dnfy"
console.error: SearchCache: "_readCacheFile: Error reading cache file:" (new Error("", "(unknown module)"))
1602854548453	Marionette	INFO	Listening on port 61071
1602854548466	Marionette	WARN	TLS certificate errors will be ignored for this session
Exiting due to channel error.
[GFX1-]: Receive IPC close with reason=AbnormalShutdown
Exiting due to channel error.
[GFX1-]: Receive IPC close with reason=AbnormalShutdown
Exiting due to channel error.
Exiting due to channel error.
[GFX1-]: Receive IPC close with reason=AbnormalShutdown
Exiting due to channel error.
Exiting due to channel error.
[GFX1-]: Receive IPC close with reason=AbnormalShutdown
[GFX1-]: Receive IPC close with reason=AbnormalShutdown
Exiting due to channel error.
Exiting due to channel error.
Exiting due to channel error.
1602860298091	geckodriver	INFO	Listening on 127.0.0.1:56256
1602860299094	mozrunner::runner	INFO	Running command: "/Applications/Firefox.app/Contents/MacOS/firefox-bin" "--marionette" "--lang=en" "--start-maximized" "-foreground" "-no-remote" "-profile" "/var/folders/r6/nb6z1l350yng5hfprt5hhgbm0000gn/T/rust_mozprofile0DsdF5"
console.error: SearchCache: "_readCacheFile: Error reading cache file:" (new Error("", "(unknown module)"))
1602860301877	Marionette	INFO	Listening on port 56271
1602860301980	Marionette	WARN	TLS certificate errors will be ignored for this session
1602860341150	Marionette	INFO	Stopped listening on port 56271
1602860343642	geckodriver	INFO	Listening on 127.0.0.1:56528
1602860344646	mozrunner::runner	INFO	Running command: "/Applications/Firefox.app/Contents/MacOS/firefox-bin" "--marionette" "--lang=en" "--start-maximized" "-foreground" "-no-remote" "-profile" "/var/folders/r6/nb6z1l350yng5hfprt5hhgbm0000gn/T/rust_mozprofileahLv1q"
console.error: SearchCache: "_readCacheFile: Error reading cache file:" (new Error("", "(unknown module)"))
1602860346962	Marionette	INFO	Listening on port 56543
1602860347005	Marionette	WARN	TLS certificate errors will be ignored for this session
1602860942566	geckodriver	INFO	Listening on 127.0.0.1:59062
1602860943572	mozrunner::runner	INFO	Running command: "/Applications/Firefox.app/Contents/MacOS/firefox-bin" "--marionette" "--lang=en" "--start-maximized" "-foreground" "-no-remote" "-profile" "/var/folders/r6/nb6z1l350yng5hfprt5hhgbm0000gn/T/rust_mozprofilebebTog"
console.error: SearchCache: "_readCacheFile: Error reading cache file:" (new Error("", "(unknown module)"))
1602860946067	Marionette	INFO	Listening on port 59077
1602860946132	Marionette	WARN	TLS certificate errors will be ignored for this session
1602860989177	Marionette	WARN	TimedPromise timed out after 500 ms: stacktrace:
TimedPromise/<@chrome://marionette/content/sync.js:245:13
TimedPromise@chrome://marionette/content/sync.js:230:10
interaction.flushEventLoop@chrome://marionette/content/interaction.js:416:10
webdriverClickElement@chrome://marionette/content/interaction.js:182:31
1602860994520	Marionette	WARN	TimedPromise timed out after 500 ms: stacktrace:
TimedPromise/<@chrome://marionette/content/sync.js:245:13
TimedPromise@chrome://marionette/content/sync.js:230:10
interaction.flushEventLoop@chrome://marionette/content/interaction.js:416:10
webdriverClickElement@chrome://marionette/content/interaction.js:182:31
Exiting due to channel error.
[GFX1-]: Receive IPC close with reason=AbnormalShutdown
Exiting due to channel error.
[GFX1-]: Receive IPC close with reason=AbnormalShutdown
Exiting due to channel error.
1602871119108	geckodriver	INFO	Listening on 127.0.0.1:51484
1602871120125	mozrunner::runner	INFO	Running command: "/Applications/Firefox.app/Contents/MacOS/firefox-bin" "--marionette" "--lang=en" "--start-maximized" "-foreground" "-no-remote" "-profile" "/var/folders/r6/nb6z1l350yng5hfprt5hhgbm0000gn/T/rust_mozprofile1MjndI"
console.error: SearchCache: "_readCacheFile: Error reading cache file:" (new Error("", "(unknown module)"))
1602871123091	Marionette	INFO	Listening on port 51499
1602871123099	Marionette	WARN	TLS certificate errors will be ignored for this session
1602871166712	Marionette	INFO	Stopped listening on port 51499
1602871169738	geckodriver	INFO	Listening on 127.0.0.1:51764
1602871170744	mozrunner::runner	INFO	Running command: "/Applications/Firefox.app/Contents/MacOS/firefox-bin" "--marionette" "--lang=en" "--start-maximized" "-foreground" "-no-remote" "-profile" "/var/folders/r6/nb6z1l350yng5hfprt5hhgbm0000gn/T/rust_mozprofileVBdkJi"
console.error: SearchCache: "_readCacheFile: Error reading cache file:" (new Error("", "(unknown module)"))
1602871173183	Marionette	INFO	Listening on port 51779
1602871173211	Marionette	WARN	TLS certificate errors will be ignored for this session
console.error: Region.jsm: "Error fetching region" (new AbortError("The operation was aborted. ", (void 0), 697))
console.error: Region.jsm: "Failed to fetch region" (new Error("NO_RESULT", "resource://gre/modules/Region.jsm", 351))
1602871259139	Marionette	INFO	Stopped listening on port 51779
1602871262206	geckodriver	INFO	Listening on 127.0.0.1:52271
1602871263219	mozrunner::runner	INFO	Running command: "/Applications/Firefox.app/Contents/MacOS/firefox-bin" "--marionette" "--lang=en" "--start-maximized" "-foreground" "-no-remote" "-profile" "/var/folders/r6/nb6z1l350yng5hfprt5hhgbm0000gn/T/rust_mozprofileq7Fm0K"
console.error: SearchCache: "_readCacheFile: Error reading cache file:" (new Error("", "(unknown module)"))
1602871265628	Marionette	INFO	Listening on port 52286
1602871265686	Marionette	WARN	TLS certificate errors will be ignored for this session
1602871374927	Marionette	INFO	Stopped listening on port 52286
1602871378085	geckodriver	INFO	Listening on 127.0.0.1:52810
1602871379105	mozrunner::runner	INFO	Running command: "/Applications/Firefox.app/Contents/MacOS/firefox-bin" "--marionette" "--lang=en" "--start-maximized" "-foreground" "-no-remote" "-profile" "/var/folders/r6/nb6z1l350yng5hfprt5hhgbm0000gn/T/rust_mozprofile6SuZb2"
console.error: SearchCache: "_readCacheFile: Error reading cache file:" (new Error("", "(unknown module)"))
1602871381311	Marionette	INFO	Listening on port 52825
1602871381371	Marionette	WARN	TLS certificate errors will be ignored for this session
1602871541186	Marionette	INFO	Stopped listening on port 52825
1602871542205	geckodriver	INFO	Listening on 127.0.0.1:53548
1602871543212	mozrunner::runner	INFO	Running command: "/Applications/Firefox.app/Contents/MacOS/firefox-bin" "--marionette" "--lang=en" "--start-maximized" "-foreground" "-no-remote" "-profile" "/var/folders/r6/nb6z1l350yng5hfprt5hhgbm0000gn/T/rust_mozprofileUzniQP"
console.error: SearchCache: "_readCacheFile: Error reading cache file:" (new Error("", "(unknown module)"))
1602871545265	Marionette	INFO	Listening on port 53563
1602871545274	Marionette	WARN	TLS certificate errors will be ignored for this session
1602871621357	Marionette	INFO	Stopped listening on port 53563
1602871623117	geckodriver	INFO	Listening on 127.0.0.1:53949
1602871624124	mozrunner::runner	INFO	Running command: "/Applications/Firefox.app/Contents/MacOS/firefox-bin" "--marionette" "--lang=en" "--start-maximized" "-foreground" "-no-remote" "-profile" "/var/folders/r6/nb6z1l350yng5hfprt5hhgbm0000gn/T/rust_mozprofileboySv1"
console.error: SearchCache: "_readCacheFile: Error reading cache file:" (new Error("", "(unknown module)"))
1602871626285	Marionette	INFO	Listening on port 53964
1602871626296	Marionette	WARN	TLS certificate errors will be ignored for this session

###!!! [Child][RunMessage] Error: Channel closing: too late to send/recv, messages will be lost


###!!! [Child][RunMessage] Error: Channel closing: too late to send/recv, messages will be lost

1602871757505	Marionette	INFO	Stopped listening on port 53964
1602871758607	geckodriver	INFO	Listening on 127.0.0.1:54562
1602871759621	mozrunner::runner	INFO	Running command: "/Applications/Firefox.app/Contents/MacOS/firefox-bin" "--marionette" "--lang=en" "--start-maximized" "-foreground" "-no-remote" "-profile" "/var/folders/r6/nb6z1l350yng5hfprt5hhgbm0000gn/T/rust_mozprofileP7QJh1"
console.error: SearchCache: "_readCacheFile: Error reading cache file:" (new Error("", "(unknown module)"))
1602871761938	Marionette	INFO	Listening on port 54577
1602871761989	Marionette	WARN	TLS certificate errors will be ignored for this session
1602871802019	Marionette	INFO	Stopped listening on port 54577
1602872657922	geckodriver	INFO	Listening on 127.0.0.1:58370
1602872658936	mozrunner::runner	INFO	Running command: "/Applications/Firefox.app/Contents/MacOS/firefox-bin" "--marionette" "--lang=en" "--start-maximized" "-foreground" "-no-remote" "-profile" "/var/folders/r6/nb6z1l350yng5hfprt5hhgbm0000gn/T/rust_mozprofileQL9ZcE"
console.error: SearchCache: "_readCacheFile: Error reading cache file:" (new Error("", "(unknown module)"))
1602872661525	Marionette	INFO	Listening on port 58385
1602872661613	Marionette	WARN	TLS certificate errors will be ignored for this session
1602872825817	Marionette	INFO	Stopped listening on port 58385
1602873106513	geckodriver	INFO	Listening on 127.0.0.1:60362
1602873107531	mozrunner::runner	INFO	Running command: "/Applications/Firefox.app/Contents/MacOS/firefox-bin" "--marionette" "--lang=en" "--start-maximized" "-foreground" "-no-remote" "-profile" "/var/folders/r6/nb6z1l350yng5hfprt5hhgbm0000gn/T/rust_mozprofileQbQ84I"
console.error: SearchCache: "_readCacheFile: Error reading cache file:" (new Error("", "(unknown module)"))
1602873109967	Marionette	INFO	Listening on port 60377
1602873110007	Marionette	WARN	TLS certificate errors will be ignored for this session
1602873307592	geckodriver	INFO	Listening on 127.0.0.1:61258
1602873308592	mozrunner::runner	INFO	Running command: "/Applications/Firefox.app/Contents/MacOS/firefox-bin" "--marionette" "--lang=en" "--start-maximized" "-foreground" "-no-remote" "-profile" "/var/folders/r6/nb6z1l350yng5hfprt5hhgbm0000gn/T/rust_mozprofileIuA9iS"
console.error: SearchCache: "_readCacheFile: Error reading cache file:" (new Error("", "(unknown module)"))
1602873310946	Marionette	INFO	Listening on port 61273
1602873310968	Marionette	WARN	TLS certificate errors will be ignored for this session
1602873392852	Marionette	INFO	Stopped listening on port 61273
1602873494386	geckodriver	INFO	Listening on 127.0.0.1:62089
1602873495404	mozrunner::runner	INFO	Running command: "/Applications/Firefox.app/Contents/MacOS/firefox-bin" "--marionette" "--lang=en" "--start-maximized" "-foreground" "-no-remote" "-profile" "/var/folders/r6/nb6z1l350yng5hfprt5hhgbm0000gn/T/rust_mozprofilehmYhIw"
console.error: SearchCache: "_readCacheFile: Error reading cache file:" (new Error("", "(unknown module)"))
1602873497873	Marionette	INFO	Listening on port 62104
1602873497888	Marionette	WARN	TLS certificate errors will be ignored for this session
Exiting due to channel error.
[GFX1-]: Receive IPC close with reason=AbnormalShutdown
Exiting due to channel error.
[GFX1-]: Receive IPC close with reason=AbnormalShutdown
Exiting due to channel error.
Exiting due to channel error.
[GFX1-]: Receive IPC close with reason=AbnormalShutdown
Exiting due to channel error.
Exiting due to channel error.
1602873660910	geckodriver	INFO	Listening on 127.0.0.1:62847
1602873661931	mozrunner::runner	INFO	Running command: "/Applications/Firefox.app/Contents/MacOS/firefox-bin" "--marionette" "--lang=en" "--start-maximized" "-foreground" "-no-remote" "-profile" "/var/folders/r6/nb6z1l350yng5hfprt5hhgbm0000gn/T/rust_mozprofileGGFcRt"
console.error: SearchCache: "_readCacheFile: Error reading cache file:" (new Error("", "(unknown module)"))
1602873664195	Marionette	INFO	Listening on port 62862
1602873664298	Marionette	WARN	TLS certificate errors will be ignored for this session
1602873694983	Marionette	INFO	Stopped listening on port 62862
1602873696511	geckodriver	INFO	Listening on 127.0.0.1:63059
1602873697533	mozrunner::runner	INFO	Running command: "/Applications/Firefox.app/Contents/MacOS/firefox-bin" "--marionette" "--lang=en" "--start-maximized" "-foreground" "-no-remote" "-profile" "/var/folders/r6/nb6z1l350yng5hfprt5hhgbm0000gn/T/rust_mozprofilerQiUfy"
console.error: SearchCache: "_readCacheFile: Error reading cache file:" (new Error("", "(unknown module)"))
1602873700448	Marionette	INFO	Listening on port 63074
1602873700518	Marionette	WARN	TLS certificate errors will be ignored for this session
SourceActor threw an exception: [Exception... "Component returned failure code: 0x80470002 (NS_BASE_STREAM_CLOSED) [nsIInputStream.available]"  nsresult: "0x80470002 (NS_BASE_STREAM_CLOSED)"  location: "JS frame :: resource://devtools/shared/DevToolsUtils.js :: onResponse :: line 560"  data: no]
Stack: onResponse@resource://devtools/shared/DevToolsUtils.js:560:34
onStopRequest@resource://gre/modules/NetUtil.jsm:128:18
Line: 560, column: 0
console.error: ({})
JavaScript error: resource://devtools/shared/DevToolsUtils.js, line 560: NS_BASE_STREAM_CLOSED: Component returned failure code: 0x80470002 (NS_BASE_STREAM_CLOSED) [nsIInputStream.available]
1602873857712	Marionette	INFO	Stopped listening on port 63074
1602873858932	geckodriver	INFO	Listening on 127.0.0.1:63795
1602873859945	mozrunner::runner	INFO	Running command: "/Applications/Firefox.app/Contents/MacOS/firefox-bin" "--marionette" "--lang=en" "--start-maximized" "-foreground" "-no-remote" "-profile" "/var/folders/r6/nb6z1l350yng5hfprt5hhgbm0000gn/T/rust_mozprofileEK5r9H"
console.error: SearchCache: "_readCacheFile: Error reading cache file:" (new Error("", "(unknown module)"))
1602873862218	Marionette	INFO	Listening on port 63810
1602873862316	Marionette	WARN	TLS certificate errors will be ignored for this session
1602873922799	Marionette	INFO	Stopped listening on port 63810
1602873936068	geckodriver	INFO	Listening on 127.0.0.1:64182
1602873937080	mozrunner::runner	INFO	Running command: "/Applications/Firefox.app/Contents/MacOS/firefox-bin" "--marionette" "--lang=en" "--start-maximized" "-foreground" "-no-remote" "-profile" "/var/folders/r6/nb6z1l350yng5hfprt5hhgbm0000gn/T/rust_mozprofile5AhbOu"
console.error: SearchCache: "_readCacheFile: Error reading cache file:" (new Error("", "(unknown module)"))
1602873939633	Marionette	INFO	Listening on port 64197
1602873939661	Marionette	WARN	TLS certificate errors will be ignored for this session
2020-10-16 18:45:49.256 firefox-bin[28604:3015109] -[NSPersistentUIWindowSnapshotter writeWindowSnapshot:length:width:height:bytesPerRow:toFile:inDirectory:encryptingWithKey:uuid:checksum:fd:]: 0 == ftruncate(fd, finalFileSize) failed on line 797: No such file or directory
2020-10-16 18:45:49.257 firefox-bin[28604:3015109] -[NSPersistentUIWindowSnapshotter writeWindowSnapshot:length:width:height:bytesPerRow:toFile:inDirectory:encryptingWithKey:uuid:checksum:fd:]: 0 == ftruncate(fd, fileLength) failed on line 868: No such file or directory
1602873951820	Marionette	WARN	TimedPromise timed out after 500 ms: stacktrace:
TimedPromise/<@chrome://marionette/content/sync.js:245:13
TimedPromise@chrome://marionette/content/sync.js:230:10
interaction.flushEventLoop@chrome://marionette/content/interaction.js:416:10
webdriverClickElement@chrome://marionette/content/interaction.js:182:31
1602873969257	Marionette	INFO	Stopped listening on port 64197
1602873970625	geckodriver	INFO	Listening on 127.0.0.1:64390
1602873971622	mozrunner::runner	INFO	Running command: "/Applications/Firefox.app/Contents/MacOS/firefox-bin" "--marionette" "--lang=en" "--start-maximized" "-foreground" "-no-remote" "-profile" "/var/folders/r6/nb6z1l350yng5hfprt5hhgbm0000gn/T/rust_mozprofilefSyefD"
console.error: SearchCache: "_readCacheFile: Error reading cache file:" (new Error("", "(unknown module)"))
1602873973741	Marionette	INFO	Listening on port 64405
1602873973774	Marionette	WARN	TLS certificate errors will be ignored for this session
1602874163622	Marionette	INFO	Stopped listening on port 64405
1602874164796	geckodriver	INFO	Listening on 127.0.0.1:65251
1602874165813	mozrunner::runner	INFO	Running command: "/Applications/Firefox.app/Contents/MacOS/firefox-bin" "--marionette" "--lang=en" "--start-maximized" "-foreground" "-no-remote" "-profile" "/var/folders/r6/nb6z1l350yng5hfprt5hhgbm0000gn/T/rust_mozprofilet2V92B"
console.error: SearchCache: "_readCacheFile: Error reading cache file:" (new Error("", "(unknown module)"))
1602874168038	Marionette	INFO	Listening on port 65266
1602874168082	Marionette	WARN	TLS certificate errors will be ignored for this session
1602874252350	Marionette	INFO	Stopped listening on port 65266
1602874256731	geckodriver	INFO	Listening on 127.0.0.1:49331
1602874257742	mozrunner::runner	INFO	Running command: "/Applications/Firefox.app/Contents/MacOS/firefox-bin" "--marionette" "--lang=en" "--start-maximized" "-foreground" "-no-remote" "-profile" "/var/folders/r6/nb6z1l350yng5hfprt5hhgbm0000gn/T/rust_mozprofile94eDcY"
console.error: SearchCache: "_readCacheFile: Error reading cache file:" (new Error("", "(unknown module)"))
1602874259978	Marionette	INFO	Listening on port 49346
1602874260012	Marionette	WARN	TLS certificate errors will be ignored for this session
1602874739279	Marionette	INFO	Stopped listening on port 49346
1602885750033	Marionette	INFO	Stopped listening on port 56543
1602933366892	geckodriver	INFO	Listening on 127.0.0.1:65230
1602933367901	mozrunner::runner	INFO	Running command: "/Applications/Firefox.app/Contents/MacOS/firefox-bin" "--marionette" "--lang=en" "--start-maximized" "-foreground" "-no-remote" "-profile" "/var/folders/r6/nb6z1l350yng5hfprt5hhgbm0000gn/T/rust_mozprofileRnu1Q3"
console.error: SearchCache: "_readCacheFile: Error reading cache file:" (new Error("", "(unknown module)"))
1602933370960	Marionette	INFO	Listening on port 65241
1602933370968	Marionette	WARN	TLS certificate errors will be ignored for this session
JavaScript error: https://www.instagram.com/static/bundles/es6/ConsumerLibCommons.js/aaf37b2ed560.js, line 211: NS_ERROR_NOT_INITIALIZED: 
1602933390743	Marionette	INFO	Stopped listening on port 65241
1602933471953	geckodriver	INFO	Listening on 127.0.0.1:65333
1602933472960	mozrunner::runner	INFO	Running command: "/Applications/Firefox.app/Contents/MacOS/firefox-bin" "--marionette" "--lang=en" "--start-maximized" "-foreground" "-no-remote" "-profile" "/var/folders/r6/nb6z1l350yng5hfprt5hhgbm0000gn/T/rust_mozprofilekDsGUN"
console.error: SearchCache: "_readCacheFile: Error reading cache file:" (new Error("", "(unknown module)"))
1602933475210	Marionette	INFO	Listening on port 65344
1602933475225	Marionette	WARN	TLS certificate errors will be ignored for this session
1602933506247	Marionette	INFO	Stopped listening on port 65344
1602934513356	geckodriver	INFO	Listening on 127.0.0.1:65530
1602934514341	mozrunner::runner	INFO	Running command: "/Applications/Firefox.app/Contents/MacOS/firefox-bin" "--marionette" "--lang=en" "--start-maximized" "-foreground" "-no-remote" "-profile" "/var/folders/r6/nb6z1l350yng5hfprt5hhgbm0000gn/T/rust_mozprofileNjdRmm"
console.error: SearchCache: "_readCacheFile: Error reading cache file:" (new Error("", "(unknown module)"))
1602934518624	Marionette	INFO	Listening on port 49162
1602934518643	Marionette	WARN	TLS certificate errors will be ignored for this session
1602934647068	geckodriver	INFO	Listening on 127.0.0.1:49254
1602934648062	mozrunner::runner	INFO	Running command: "/Applications/Firefox.app/Contents/MacOS/firefox-bin" "--marionette" "--lang=en" "--start-maximized" "-foreground" "-no-remote" "-profile" "/var/folders/r6/nb6z1l350yng5hfprt5hhgbm0000gn/T/rust_mozprofileSAvztA"
console.error: SearchCache: "_readCacheFile: Error reading cache file:" (new Error("", "(unknown module)"))
1602934652430	Marionette	INFO	Listening on port 49265
1602934652533	Marionette	WARN	TLS certificate errors will be ignored for this session
1602934694478	Marionette	WARN	TimedPromise timed out after 500 ms: stacktrace:
TimedPromise/<@chrome://marionette/content/sync.js:245:13
TimedPromise@chrome://marionette/content/sync.js:230:10
interaction.flushEventLoop@chrome://marionette/content/interaction.js:416:10
webdriverClickElement@chrome://marionette/content/interaction.js:182:31
1602934784303	geckodriver	INFO	Listening on 127.0.0.1:49365
1602934785301	mozrunner::runner	INFO	Running command: "/Applications/Firefox.app/Contents/MacOS/firefox-bin" "--marionette" "--lang=en" "--start-maximized" "-foreground" "-no-remote" "-profile" "/var/folders/r6/nb6z1l350yng5hfprt5hhgbm0000gn/T/rust_mozprofileCG3bfO"
console.error: SearchCache: "_readCacheFile: Error reading cache file:" (new Error("", "(unknown module)"))
1602934789251	Marionette	INFO	Listening on port 49376
1602934789291	Marionette	WARN	TLS certificate errors will be ignored for this session
JavaScript warning: https://www.instagram.com/static/bundles/es6/Consumer.js/a53eb6aff685.js, line 1199: Script terminated by timeout at:
pe</u.getQueries@https://www.instagram.com/static/bundles/es6/Consumer.js/a53eb6aff685.js:1199:17297
pe</u.invalidateQueries/<@https://www.instagram.com/static/bundles/es6/Consumer.js/a53eb6aff685.js:1199:17830
H@https://www.instagram.com/static/bundles/es6/Consumer.js/a53eb6aff685.js:1199:4772
pe</u.invalidateQueries@https://www.instagram.com/static/bundles/es6/Consumer.js/a53eb6aff685.js:1199:17794
qe/<@https://www.instagram.com/static/bundles/es6/Consumer.js/a53eb6aff685.js:1199:19523
qe@https://www.instagram.com/static/bundles/es6/Consumer.js/a53eb6aff685.js:1199:19494

SourceActor threw an exception: [Exception... "Component returned failure code: 0x80470002 (NS_BASE_STREAM_CLOSED) [nsIInputStream.available]"  nsresult: "0x80470002 (NS_BASE_STREAM_CLOSED)"  location: "JS frame :: resource://devtools/shared/DevToolsUtils.js :: onResponse :: line 560"  data: no]
Stack: onResponse@resource://devtools/shared/DevToolsUtils.js:560:34
onStopRequest@resource://gre/modules/NetUtil.jsm:128:18
Line: 560, column: 0
console.error: ({})
JavaScript error: resource://devtools/shared/DevToolsUtils.js, line 560: NS_BASE_STREAM_CLOSED: Component returned failure code: 0x80470002 (NS_BASE_STREAM_CLOSED) [nsIInputStream.available]
1602935882674	geckodriver	INFO	Listening on 127.0.0.1:49538
1602935883678	mozrunner::runner	INFO	Running command: "/Applications/Firefox.app/Contents/MacOS/firefox-bin" "--marionette" "--lang=en" "--start-maximized" "-foreground" "-no-remote" "-profile" "/var/folders/r6/nb6z1l350yng5hfprt5hhgbm0000gn/T/rust_mozprofilebiLqfW"
console.error: SearchCache: "_readCacheFile: Error reading cache file:" (new Error("", "(unknown module)"))
1602935886306	Marionette	INFO	Listening on port 49549
1602935886348	Marionette	WARN	TLS certificate errors will be ignored for this session
1602941592833	geckodriver	INFO	Listening on 127.0.0.1:50074
1602941593843	mozrunner::runner	INFO	Running command: "/Applications/Firefox.app/Contents/MacOS/firefox-bin" "--marionette" "-headless" "--lang=en" "--start-maximized" "-foreground" "-no-remote" "-profile" "/var/folders/r6/nb6z1l350yng5hfprt5hhgbm0000gn/T/rust_mozprofiled8Wzqd"
*** You are running in headless mode.
console.error: SearchCache: "_readCacheFile: Error reading cache file:" (new Error("", "(unknown module)"))
1602941596737	Marionette	INFO	Listening on port 50085
1602941596813	Marionette	WARN	TLS certificate errors will be ignored for this session
1602941692988	geckodriver	INFO	Listening on 127.0.0.1:50165
1602941693994	mozrunner::runner	INFO	Running command: "/Applications/Firefox.app/Contents/MacOS/firefox-bin" "--marionette" "-headless" "--lang=en" "--start-maximized" "-foreground" "-no-remote" "-profile" "/var/folders/r6/nb6z1l350yng5hfprt5hhgbm0000gn/T/rust_mozprofilesDJIPU"
*** You are running in headless mode.
console.error: SearchCache: "_readCacheFile: Error reading cache file:" (new Error("", "(unknown module)"))
1602941695997	Marionette	INFO	Listening on port 50176
1602941696033	Marionette	WARN	TLS certificate errors will be ignored for this session
Exiting due to channel error.
Exiting due to channel error.
[GFX1-]: Receive IPC close with reason=AbnormalShutdown
Exiting due to channel error.
Exiting due to channel error.
[GFX1-]: Receive IPC close with reason=AbnormalShutdown
Exiting due to channel error.
Exiting due to channel error.
Exiting due to channel error.
Exiting due to channel error.
Exiting due to channel error.
Exiting due to channel error.
Exiting due to channel error.
Exiting due to channel error.
Exiting due to channel error.
Exiting due to channel error.
Exiting due to channel error.
Exiting due to channel error.
Exiting due to channel error.
1603024762331	geckodriver	INFO	Listening on 127.0.0.1:50156
1603024763356	mozrunner::runner	INFO	Running command: "/Applications/Firefox.app/Contents/MacOS/firefox-bin" "--marionette" "-headless" "--lang=en" "--start-maximized" "-foreground" "-no-remote" "-profile" "/var/folders/r6/nb6z1l350yng5hfprt5hhgbm0000gn/T/rust_mozprofilejTzwQh"
*** You are running in headless mode.
console.error: SearchCache: "_readCacheFile: Error reading cache file:" (new Error("", "(unknown module)"))
1603024767475	Marionette	INFO	Listening on port 50167
1603024767493	Marionette	WARN	TLS certificate errors will be ignored for this session
1603024854837	geckodriver	INFO	Listening on 127.0.0.1:50254
1603024855848	mozrunner::runner	INFO	Running command: "/Applications/Firefox.app/Contents/MacOS/firefox-bin" "--marionette" "--lang=en" "--start-maximized" "-foreground" "-no-remote" "-profile" "/var/folders/r6/nb6z1l350yng5hfprt5hhgbm0000gn/T/rust_mozprofileBJCcCs"
console.error: SearchCache: "_readCacheFile: Error reading cache file:" (new Error("", "(unknown module)"))
1603024858952	Marionette	INFO	Listening on port 50265
1603024859053	Marionette	WARN	TLS certificate errors will be ignored for this session
1603024875071	Marionette	WARN	TimedPromise timed out after 500 ms: stacktrace:
TimedPromise/<@chrome://marionette/content/sync.js:245:13
TimedPromise@chrome://marionette/content/sync.js:230:10
interaction.flushEventLoop@chrome://marionette/content/interaction.js:416:10
webdriverClickElement@chrome://marionette/content/interaction.js:182:31
1603024877514	Marionette	WARN	TimedPromise timed out after 500 ms: stacktrace:
TimedPromise/<@chrome://marionette/content/sync.js:245:13
TimedPromise@chrome://marionette/content/sync.js:230:10
interaction.flushEventLoop@chrome://marionette/content/interaction.js:416:10
webdriverClickElement@chrome://marionette/content/interaction.js:182:31
1603024963017	geckodriver	INFO	Listening on 127.0.0.1:50369
1603024964025	mozrunner::runner	INFO	Running command: "/Applications/Firefox.app/Contents/MacOS/firefox-bin" "--marionette" "--lang=en" "--start-maximized" "-foreground" "-no-remote" "-profile" "/var/folders/r6/nb6z1l350yng5hfprt5hhgbm0000gn/T/rust_mozprofileonik9u"
console.error: SearchCache: "_readCacheFile: Error reading cache file:" (new Error("", "(unknown module)"))
1603024966555	Marionette	INFO	Listening on port 50380
1603024966611	Marionette	WARN	TLS certificate errors will be ignored for this session
1603025294052	Marionette	INFO	Stopped listening on port 50380
1603025296257	geckodriver	INFO	Listening on 127.0.0.1:50471
1603025297260	mozrunner::runner	INFO	Running command: "/Applications/Firefox.app/Contents/MacOS/firefox-bin" "--marionette" "--lang=en" "--start-maximized" "-foreground" "-no-remote" "-profile" "/var/folders/r6/nb6z1l350yng5hfprt5hhgbm0000gn/T/rust_mozprofilevrEDcR"
console.error: SearchCache: "_readCacheFile: Error reading cache file:" (new Error("", "(unknown module)"))
1603025299522	Marionette	INFO	Listening on port 50482
1603025299542	Marionette	WARN	TLS certificate errors will be ignored for this session
1603025455651	Marionette	INFO	Stopped listening on port 50482
console.warn: SearchService: "not saving cache on shutdown due to initializing."
console.error: "Could not load engine wikipedia@search.mozilla.org: [Exception... \"AddonManager is not initialized\"  nsresult: \"0xc1f30001 (NS_ERROR_NOT_INITIALIZED)\"  location: \"JS frame :: resource://gre/modules/AddonManager.jsm :: callAddonListeners :: line 1580\"  data: no]"
console.error: "Could not load engine bing@search.mozilla.org: [Exception... \"AddonManager is not initialized\"  nsresult: \"0xc1f30001 (NS_ERROR_NOT_INITIALIZED)\"  location: \"JS frame :: resource://gre/modules/AddonManager.jsm :: installBuiltinAddon :: line 2529\"  data: no]"
console.error: "Could not load engine ddg@search.mozilla.org: [Exception... \"AddonManager is not initialized\"  nsresult: \"0xc1f30001 (NS_ERROR_NOT_INITIALIZED)\"  location: \"JS frame :: resource://gre/modules/AddonManager.jsm :: installBuiltinAddon :: line 2529\"  data: no]"
console.error: "Could not load engine google@search.mozilla.org: [Exception... \"AddonManager is not initialized\"  nsresult: \"0xc1f30001 (NS_ERROR_NOT_INITIALIZED)\"  location: \"JS frame :: resource://gre/modules/AddonManager.jsm :: installBuiltinAddon :: line 2529\"  data: no]"
console.warn: SearchService: "_reInit: abandoning reInit due to shutting down"
JavaScript error: , line 0: uncaught exception: 2147500036
1603025585591	Marionette	INFO	Stopped listening on port 50265
1603025587929	Marionette	INFO	Listening on port 50265
1603025589755	Marionette	INFO	Stopped listening on port 50265
1603025598712	geckodriver	INFO	Listening on 127.0.0.1:50654
1603025599735	mozrunner::runner	INFO	Running command: "/Applications/Firefox.app/Contents/MacOS/firefox-bin" "--marionette" "--lang=en" "--start-maximized" "-foreground" "-no-remote" "-profile" "/var/folders/r6/nb6z1l350yng5hfprt5hhgbm0000gn/T/rust_mozprofileQ3SWUF"
console.error: SearchCache: "_readCacheFile: Error reading cache file:" (new Error("", "(unknown module)"))
1603025602144	Marionette	INFO	Listening on port 50665
1603025602221	Marionette	WARN	TLS certificate errors will be ignored for this session
1603025620414	Marionette	WARN	TimedPromise timed out after 500 ms: stacktrace:
TimedPromise/<@chrome://marionette/content/sync.js:245:13
TimedPromise@chrome://marionette/content/sync.js:230:10
interaction.flushEventLoop@chrome://marionette/content/interaction.js:416:10
webdriverClickElement@chrome://marionette/content/interaction.js:182:31
1603025625977	Marionette	WARN	TimedPromise timed out after 500 ms: stacktrace:
TimedPromise/<@chrome://marionette/content/sync.js:245:13
TimedPromise@chrome://marionette/content/sync.js:230:10
interaction.flushEventLoop@chrome://marionette/content/interaction.js:416:10
webdriverClickElement@chrome://marionette/content/interaction.js:182:31
1603025711797	Marionette	INFO	Stopped listening on port 50665
1603025713313	geckodriver	INFO	Listening on 127.0.0.1:50760
1603025714330	mozrunner::runner	INFO	Running command: "/Applications/Firefox.app/Contents/MacOS/firefox-bin" "--marionette" "--lang=en" "--start-maximized" "-foreground" "-no-remote" "-profile" "/var/folders/r6/nb6z1l350yng5hfprt5hhgbm0000gn/T/rust_mozprofileglpwuG"
console.error: SearchCache: "_readCacheFile: Error reading cache file:" (new Error("", "(unknown module)"))
1603025716641	Marionette	INFO	Listening on port 50771
1603025716698	Marionette	WARN	TLS certificate errors will be ignored for this session
1603025722367	Marionette	INFO	Stopped listening on port 50771
1603025815555	geckodriver	INFO	Listening on 127.0.0.1:50835
1603025816576	mozrunner::runner	INFO	Running command: "/Applications/Firefox.app/Contents/MacOS/firefox-bin" "--marionette" "--lang=en" "--start-maximized" "-foreground" "-no-remote" "-profile" "/var/folders/r6/nb6z1l350yng5hfprt5hhgbm0000gn/T/rust_mozprofileKPPa2A"
console.error: SearchCache: "_readCacheFile: Error reading cache file:" (new Error("", "(unknown module)"))
1603025818953	Marionette	INFO	Listening on port 50846
1603025819057	Marionette	WARN	TLS certificate errors will be ignored for this session
console.warn: services.settings: main/partitioning-exempt-urls sync interrupted by shutdown
1603025820213	Marionette	INFO	Stopped listening on port 50846
1603026373700	geckodriver	INFO	Listening on 127.0.0.1:49569
1603026374731	mozrunner::runner	INFO	Running command: "/Applications/Firefox.app/Contents/MacOS/firefox-bin" "--marionette" "--lang=en" "--start-maximized" "-foreground" "-no-remote" "-profile" "/var/folders/r6/nb6z1l350yng5hfprt5hhgbm0000gn/T/rust_mozprofileIumUdH"
console.error: SearchCache: "_readCacheFile: Error reading cache file:" (new Error("", "(unknown module)"))
1603026376934	Marionette	INFO	Listening on port 49580
1603026376983	Marionette	WARN	TLS certificate errors will be ignored for this session
1603026379009	Marionette	INFO	Stopped listening on port 49580
1603026592365	geckodriver	INFO	Listening on 127.0.0.1:49754
1603026593388	mozrunner::runner	INFO	Running command: "/Applications/Firefox.app/Contents/MacOS/firefox-bin" "--marionette" "--lang=en" "--start-maximized" "-foreground" "-no-remote" "-profile" "/var/folders/r6/nb6z1l350yng5hfprt5hhgbm0000gn/T/rust_mozprofileqf7XVg"
console.error: SearchCache: "_readCacheFile: Error reading cache file:" (new Error("", "(unknown module)"))
1603026596225	Marionette	INFO	Listening on port 49765
1603026596262	Marionette	WARN	TLS certificate errors will be ignored for this session
1603026599835	Marionette	INFO	Stopped listening on port 49765
1603026609351	geckodriver	INFO	Listening on 127.0.0.1:49822
1603026610368	mozrunner::runner	INFO	Running command: "/Applications/Firefox.app/Contents/MacOS/firefox-bin" "--marionette" "--lang=en" "--start-maximized" "-foreground" "-no-remote" "-profile" "/var/folders/r6/nb6z1l350yng5hfprt5hhgbm0000gn/T/rust_mozprofilenAtk2q"
console.error: SearchCache: "_readCacheFile: Error reading cache file:" (new Error("", "(unknown module)"))
1603026612285	Marionette	INFO	Listening on port 49833
1603026612297	Marionette	WARN	TLS certificate errors will be ignored for this session
SourceActor threw an exception: [Exception... "Component returned failure code: 0x80470002 (NS_BASE_STREAM_CLOSED) [nsIInputStream.available]"  nsresult: "0x80470002 (NS_BASE_STREAM_CLOSED)"  location: "JS frame :: resource://devtools/shared/DevToolsUtils.js :: onResponse :: line 560"  data: no]
Stack: onResponse@resource://devtools/shared/DevToolsUtils.js:560:34
onStopRequest@resource://gre/modules/NetUtil.jsm:128:18
Line: 560, column: 0
console.error: ({})
JavaScript error: resource://devtools/shared/DevToolsUtils.js, line 560: NS_BASE_STREAM_CLOSED: Component returned failure code: 0x80470002 (NS_BASE_STREAM_CLOSED) [nsIInputStream.available]
JavaScript error: , line 0: uncaught exception: Object
JavaScript error: , line 0: uncaught exception: Object
JavaScript error: , line 0: uncaught exception: Object
1603041918492	geckodriver	INFO	Listening on 127.0.0.1:52228
1603041919478	mozrunner::runner	INFO	Running command: "/Applications/Firefox.app/Contents/MacOS/firefox-bin" "--marionette" "--lang=en" "--start-maximized" "-foreground" "-no-remote" "-profile" "/var/folders/r6/nb6z1l350yng5hfprt5hhgbm0000gn/T/rust_mozprofileduqKVX"
console.error: SearchCache: "_readCacheFile: Error reading cache file:" (new Error("", "(unknown module)"))
console.warn: SearchService: "_init: abandoning init due to shutting down"
JavaScript error: , line 0: uncaught exception: 2147500036
JavaScript error: , line 0: uncaught exception: 2147500036
JavaScript error: , line 0: uncaught exception: 2147500036
JavaScript error: , line 0: uncaught exception: 2147500036
JavaScript error: , line 0: uncaught exception: 2147500036
JavaScript error: , line 0: uncaught exception: 2147500036
console.error: Region.jsm: "Error fetching region" (new TypeError("NetworkError when attempting to fetch resource.", ""))
console.error: Region.jsm: "Failed to fetch region" (new Error("NO_RESULT", "resource://gre/modules/Region.jsm", 351))
console.error: services.settings: 
  main/messaging-experiments Signature failed  TypeError: NetworkError when attempting to fetch resource.
1603041949823	geckodriver	INFO	Listening on 127.0.0.1:52285
1603041950828	mozrunner::runner	INFO	Running command: "/Applications/Firefox.app/Contents/MacOS/firefox-bin" "--marionette" "--lang=en" "--start-maximized" "-foreground" "-no-remote" "-profile" "/var/folders/r6/nb6z1l350yng5hfprt5hhgbm0000gn/T/rust_mozprofileH0sdx0"
console.error: SearchCache: "_readCacheFile: Error reading cache file:" (new Error("", "(unknown module)"))
1603041953453	Marionette	INFO	Listening on port 52292
1603041953538	Marionette	WARN	TLS certificate errors will be ignored for this session
1603043010596	geckodriver	INFO	Listening on 127.0.0.1:52556
1603043011603	mozrunner::runner	INFO	Running command: "/Applications/Firefox.app/Contents/MacOS/firefox-bin" "--marionette" "--lang=en" "--start-maximized" "-foreground" "-no-remote" "-profile" "/var/folders/r6/nb6z1l350yng5hfprt5hhgbm0000gn/T/rust_mozprofileImlw9J"
console.error: SearchCache: "_readCacheFile: Error reading cache file:" (new Error("", "(unknown module)"))
console.error: Region.jsm: "Error fetching region" (new TypeError("NetworkError when attempting to fetch resource.", ""))
console.error: Region.jsm: "Failed to fetch region" (new Error("NO_RESULT", "resource://gre/modules/Region.jsm", 351))
1603043014931	Marionette	FATAL	Remote protocol server failed to start: [Exception... "Component returned failure code: 0xc1f30001 (NS_ERROR_NOT_INITIALIZED) [nsIServerSocket.asyncListen]"  nsresult: "0xc1f30001 (NS_ERROR_NOT_INITIALIZED)"  location: "JS frame :: chrome://marionette/content/server.js :: set acceptConnections :: line 99"  data: no] Stack trace: set acceptConnections()@server.js:99
start()@server.js:124
init/<()@jar:file:///Applications/Firefox.app/Contents/Resources/omni.ja!/components/marionette.js:510
1603044053730	Marionette	INFO	Stopped listening on port 49833
1603044058972	Marionette	INFO	Stopped listening on port 52292
1603044654382	geckodriver	INFO	Listening on 127.0.0.1:52981
1603044655400	mozrunner::runner	INFO	Running command: "/Applications/Firefox.app/Contents/MacOS/firefox-bin" "--marionette" "--lang=en" "--start-maximized" "-foreground" "-no-remote" "-profile" "/var/folders/r6/nb6z1l350yng5hfprt5hhgbm0000gn/T/rust_mozprofileJ5eB7s"
console.error: SearchCache: "_readCacheFile: Error reading cache file:" (new Error("", "(unknown module)"))
1603044657822	Marionette	INFO	Listening on port 52988
1603044657870	Marionette	WARN	TLS certificate errors will be ignored for this session
1603045151641	geckodriver	INFO	Listening on 127.0.0.1:53084
1603045152655	mozrunner::runner	INFO	Running command: "/Applications/Firefox.app/Contents/MacOS/firefox-bin" "--marionette" "-headless" "--lang=en" "--start-maximized" "-foreground" "-no-remote" "-profile" "/var/folders/r6/nb6z1l350yng5hfprt5hhgbm0000gn/T/rust_mozprofileFVpNgt"
*** You are running in headless mode.
console.error: SearchCache: "_readCacheFile: Error reading cache file:" (new Error("", "(unknown module)"))
1603045154554	Marionette	INFO	Listening on port 53091
1603045154582	Marionette	WARN	TLS certificate errors will be ignored for this session
1603045168226	Marionette	INFO	Stopped listening on port 52988
1603045173585	geckodriver	INFO	Listening on 127.0.0.1:53149
1603045174601	mozrunner::runner	INFO	Running command: "/Applications/Firefox.app/Contents/MacOS/firefox-bin" "--marionette" "-headless" "--lang=en" "--start-maximized" "-foreground" "-no-remote" "-profile" "/var/folders/r6/nb6z1l350yng5hfprt5hhgbm0000gn/T/rust_mozprofilehM1tFr"
*** You are running in headless mode.
console.error: SearchCache: "_readCacheFile: Error reading cache file:" (new Error("", "(unknown module)"))
1603045176393	Marionette	INFO	Listening on port 53156
1603045176440	Marionette	WARN	TLS certificate errors will be ignored for this session
1603045204274	geckodriver	INFO	Listening on 127.0.0.1:53208
1603045205291	mozrunner::runner	INFO	Running command: "/Applications/Firefox.app/Contents/MacOS/firefox-bin" "--marionette" "-headless" "--lang=en" "--start-maximized" "-foreground" "-no-remote" "-profile" "/var/folders/r6/nb6z1l350yng5hfprt5hhgbm0000gn/T/rust_mozprofileUqxz7k"
*** You are running in headless mode.
console.error: SearchCache: "_readCacheFile: Error reading cache file:" (new Error("", "(unknown module)"))
1603045207091	Marionette	INFO	Listening on port 53215
1603045207131	Marionette	WARN	TLS certificate errors will be ignored for this session
Exiting due to channel error.
[GFX1-]: Receive IPC close with reason=AbnormalShutdown
Exiting due to channel error.
Exiting due to channel error.
[GFX1-]: Receive IPC close with reason=AbnormalShutdown
[GFX1-]: Receive IPC close with reason=AbnormalShutdown
Exiting due to channel error.
[GFX1-]: Receive IPC close with reason=AbnormalShutdown
Exiting due to channel error.
[GFX1-]: Receive IPC close with reason=AbnormalShutdown
Exiting due to channel error.
Exiting due to channel error.
[GFX1-]: Receive IPC close with reason=AbnormalShutdown
[GFX1-]: Receive IPC close with reason=AbnormalShutdown
Exiting due to channel error.
Exiting due to channel error.
1603045357775	geckodriver	INFO	Listening on 127.0.0.1:53302
1603045358787	mozrunner::runner	INFO	Running command: "/Applications/Firefox.app/Contents/MacOS/firefox-bin" "--marionette" "--lang=en" "--start-maximized" "-foreground" "-no-remote" "-profile" "/var/folders/r6/nb6z1l350yng5hfprt5hhgbm0000gn/T/rust_mozprofileFLY186"
console.error: SearchCache: "_readCacheFile: Error reading cache file:" (new Error("", "(unknown module)"))
1603045361016	Marionette	INFO	Listening on port 53309
1603045361048	Marionette	WARN	TLS certificate errors will be ignored for this session
1603045366382	Marionette	INFO	Stopped listening on port 53309
1603045433450	geckodriver	INFO	Listening on 127.0.0.1:53372
1603045434463	mozrunner::runner	INFO	Running command: "/Applications/Firefox.app/Contents/MacOS/firefox-bin" "--marionette" "--lang=en" "--start-maximized" "-foreground" "-no-remote" "-profile" "/var/folders/r6/nb6z1l350yng5hfprt5hhgbm0000gn/T/rust_mozprofilex4vzMO"
console.error: SearchCache: "_readCacheFile: Error reading cache file:" (new Error("", "(unknown module)"))
1603045436457	Marionette	INFO	Listening on port 53379
1603045436505	Marionette	WARN	TLS certificate errors will be ignored for this session
1603045438008	Marionette	INFO	Stopped listening on port 53379
1603045482839	geckodriver	INFO	Listening on 127.0.0.1:53425
1603045483851	mozrunner::runner	INFO	Running command: "/Applications/Firefox.app/Contents/MacOS/firefox-bin" "--marionette" "--lang=en" "--start-maximized" "-foreground" "-no-remote" "-profile" "/var/folders/r6/nb6z1l350yng5hfprt5hhgbm0000gn/T/rust_mozprofilex5JjN8"
console.error: SearchCache: "_readCacheFile: Error reading cache file:" (new Error("", "(unknown module)"))
1603045485874	Marionette	INFO	Listening on port 53432
1603045485894	Marionette	WARN	TLS certificate errors will be ignored for this session
1603045497307	Marionette	INFO	Stopped listening on port 53432
1603045514967	geckodriver	INFO	Listening on 127.0.0.1:53497
1603045515982	mozrunner::runner	INFO	Running command: "/Applications/Firefox.app/Contents/MacOS/firefox-bin" "--marionette" "--lang=en" "--start-maximized" "-foreground" "-no-remote" "-profile" "/var/folders/r6/nb6z1l350yng5hfprt5hhgbm0000gn/T/rust_mozprofilemC2eWw"
console.error: SearchCache: "_readCacheFile: Error reading cache file:" (new Error("", "(unknown module)"))
1603045518016	Marionette	INFO	Listening on port 53504
1603045518118	Marionette	WARN	TLS certificate errors will be ignored for this session
1603045540340	Marionette	INFO	Stopped listening on port 53504
1603045546214	geckodriver	INFO	Listening on 127.0.0.1:53575
1603045547217	mozrunner::runner	INFO	Running command: "/Applications/Firefox.app/Contents/MacOS/firefox-bin" "--marionette" "--lang=en" "--start-maximized" "-foreground" "-no-remote" "-profile" "/var/folders/r6/nb6z1l350yng5hfprt5hhgbm0000gn/T/rust_mozprofilekLbqjn"
console.error: SearchCache: "_readCacheFile: Error reading cache file:" (new Error("", "(unknown module)"))
1603045549276	Marionette	INFO	Listening on port 53582
1603045549359	Marionette	WARN	TLS certificate errors will be ignored for this session
1603045577874	Marionette	INFO	Stopped listening on port 53582
1603045583824	geckodriver	INFO	Listening on 127.0.0.1:53642
1603045584840	mozrunner::runner	INFO	Running command: "/Applications/Firefox.app/Contents/MacOS/firefox-bin" "--marionette" "--lang=en" "--start-maximized" "-foreground" "-no-remote" "-profile" "/var/folders/r6/nb6z1l350yng5hfprt5hhgbm0000gn/T/rust_mozprofilexpu4vP"
console.error: SearchCache: "_readCacheFile: Error reading cache file:" (new Error("", "(unknown module)"))
1603045586934	Marionette	INFO	Listening on port 53649
1603045587000	Marionette	WARN	TLS certificate errors will be ignored for this session
1603045632985	Marionette	INFO	Stopped listening on port 53649
1603045812890	geckodriver	INFO	Listening on 127.0.0.1:54007
1603045813906	mozrunner::runner	INFO	Running command: "/Applications/Firefox.app/Contents/MacOS/firefox-bin" "--marionette" "--lang=en" "--start-maximized" "-foreground" "-no-remote" "-profile" "/var/folders/r6/nb6z1l350yng5hfprt5hhgbm0000gn/T/rust_mozprofilegH01Ox"
console.error: SearchCache: "_readCacheFile: Error reading cache file:" (new Error("", "(unknown module)"))
1603045816790	Marionette	INFO	Listening on port 54018
1603045816801	Marionette	WARN	TLS certificate errors will be ignored for this session
1603045831019	Marionette	INFO	Stopped listening on port 54018
1603045845772	geckodriver	INFO	Listening on 127.0.0.1:54212
1603045846763	mozrunner::runner	INFO	Running command: "/Applications/Firefox.app/Contents/MacOS/firefox-bin" "--marionette" "--lang=en" "--start-maximized" "-foreground" "-no-remote" "-profile" "/var/folders/r6/nb6z1l350yng5hfprt5hhgbm0000gn/T/rust_mozprofilep4f9Wu"
console.error: SearchCache: "_readCacheFile: Error reading cache file:" (new Error("", "(unknown module)"))
1603045848912	Marionette	INFO	Listening on port 54223
1603045848930	Marionette	WARN	TLS certificate errors will be ignored for this session
1603045937051	geckodriver	INFO	Listening on 127.0.0.1:54645
1603045938039	mozrunner::runner	INFO	Running command: "/Applications/Firefox.app/Contents/MacOS/firefox-bin" "--marionette" "--lang=en" "--start-maximized" "-foreground" "-no-remote" "-profile" "/var/folders/r6/nb6z1l350yng5hfprt5hhgbm0000gn/T/rust_mozprofileWjHlB8"
console.error: SearchCache: "_readCacheFile: Error reading cache file:" (new Error("", "(unknown module)"))
1603045940316	Marionette	INFO	Listening on port 54656
1603045940421	Marionette	WARN	TLS certificate errors will be ignored for this session
JavaScript error: resource://gre/actors/PictureInPictureChild.jsm, line 143: InvalidStateError: An attempt was made to use an object that is not, or is no longer, usable
1603045994846	Marionette	INFO	Stopped listening on port 54656
1603121609101	geckodriver	INFO	Listening on 127.0.0.1:62520
1603121610096	mozrunner::runner	INFO	Running command: "/Applications/Firefox.app/Contents/MacOS/firefox-bin" "--marionette" "-headless" "--lang=en" "--start-maximized" "-foreground" "-no-remote" "-profile" "/var/folders/r6/nb6z1l350yng5hfprt5hhgbm0000gn/T/rust_mozprofile3s7SgL"
*** You are running in headless mode.
console.error: SearchCache: "_readCacheFile: Error reading cache file:" (new Error("", "(unknown module)"))
1603121612791	Marionette	INFO	Listening on port 62527
1603121612875	Marionette	WARN	TLS certificate errors will be ignored for this session
1603122653800	geckodriver	INFO	Listening on 127.0.0.1:64993
1603122731711	geckodriver	INFO	Listening on 127.0.0.1:65316
1603122995551	geckodriver	INFO	Listening on 127.0.0.1:50019
1603123011247	geckodriver	INFO	Listening on 127.0.0.1:50090
1603123058933	geckodriver	INFO	Listening on 127.0.0.1:50290
1603123059974	mozrunner::runner	INFO	Running command: "/Applications/Firefox.app/Contents/MacOS/firefox-bin" "--marionette" "--lang=en" "--start-maximized" "-foreground" "-no-remote" "-profile" "/var/folders/r6/nb6z1l350yng5hfprt5hhgbm0000gn/T/rust_mozprofileyIj2zv"
console.error: SearchCache: "_readCacheFile: Error reading cache file:" (new Error("", "(unknown module)"))
1603123062739	Marionette	INFO	Listening on port 50301
1603123062781	Marionette	WARN	TLS certificate errors will be ignored for this session
1603123066781	Marionette	WARN	TimedPromise timed out after 500 ms: stacktrace:
TimedPromise/<@chrome://marionette/content/sync.js:245:13
TimedPromise@chrome://marionette/content/sync.js:230:10
interaction.flushEventLoop@chrome://marionette/content/interaction.js:416:10
webdriverClickElement@chrome://marionette/content/interaction.js:182:31
JavaScript error: https://pagead2.googlesyndication.com/pagead/js/adsbygoogle.js, line 217: uncaught exception: TagError: adsbygoogle.push() error: No slot size for availableWidth=0
1603123075890	Marionette	INFO	Stopped listening on port 50301
1603123111564	geckodriver	INFO	Listening on 127.0.0.1:50638
1603123112566	mozrunner::runner	INFO	Running command: "/Applications/Firefox.app/Contents/MacOS/firefox-bin" "--marionette" "--lang=en" "--start-maximized" "-foreground" "-no-remote" "-profile" "/var/folders/r6/nb6z1l350yng5hfprt5hhgbm0000gn/T/rust_mozprofile9H7kOi"
console.error: SearchCache: "_readCacheFile: Error reading cache file:" (new Error("", "(unknown module)"))
1603123114911	Marionette	INFO	Listening on port 50649
1603123114951	Marionette	WARN	TLS certificate errors will be ignored for this session
JavaScript warning: https://yastatic.net/s3/web4static/_/v2/ppXkb7PmtakgOtlgRCq2zjX5fXw.js, line 3: Script terminated by timeout at:
n.getAll@https://yastatic.net/s3/web4static/_/v2/ppXkb7PmtakgOtlgRCq2zjX5fXw.js:3:30037
n.get@https://yastatic.net/s3/web4static/_/v2/ppXkb7PmtakgOtlgRCq2zjX5fXw.js:3:29960
n@https://yastatic.net/s3/web4static/_/v2/ppXkb7PmtakgOtlgRCq2zjX5fXw.js:3:29854
ysRead@https://yastatic.net/s3/web4static/_/v2/ppXkb7PmtakgOtlgRCq2zjX5fXw.js:3:31810
ys@https://yastatic.net/s3/web4static/_/v2/ppXkb7PmtakgOtlgRCq2zjX5fXw.js:3:32111
_updateWprid@https://yastatic.net/s3/web4static/_/v2/ppXkb7PmtakgOtlgRCq2zjX5fXw.js:3:94786
a@https://yastatic.net/s3/web4static/_/v2/ppXkb7PmtakgOtlgRCq2zjX5fXw.js:3:15014
dispatch@https://yastatic.net/jquery/2.1.4/jquery.min.js:3:6466
add/r.handle@https://yastatic.net/jquery/2.1.4/jquery.min.js:3:3241
trigger@https://yastatic.net/jquery/2.1.4/jquery.min.js:3:5574
simulate@https://yastatic.net/jquery/2.1.4/jquery.min.js:3:8862
c@https://yastatic.net/jquery/2.1.4/jquery.min.js:3:10306

1603123127519	Marionette	WARN	TimedPromise timed out after 500 ms: stacktrace:
TimedPromise/<@chrome://marionette/content/sync.js:245:13
TimedPromise@chrome://marionette/content/sync.js:230:10
interaction.flushEventLoop@chrome://marionette/content/interaction.js:416:10
webdriverClickElement@chrome://marionette/content/interaction.js:182:31
JavaScript error: https://pagead2.googlesyndication.com/pagead/js/adsbygoogle.js, line 217: uncaught exception: TagError: adsbygoogle.push() error: No slot size for availableWidth=0
JavaScript error: https://pagead2.googlesyndication.com/pagead/js/adsbygoogle.js, line 217: uncaught exception: TagError: adsbygoogle.push() error: No slot size for availableWidth=0
JavaScript error: resource://gre/actors/ThumbnailsChild.jsm, line 30: InvalidStateError: An attempt was made to use an object that is not, or is no longer, usable
JavaScript error: resource://gre/actors/ThumbnailsChild.jsm, line 30: InvalidStateError: An attempt was made to use an object that is not, or is no longer, usable
1603128677636	geckodriver	INFO	Listening on 127.0.0.1:56269
1603128678652	mozrunner::runner	INFO	Running command: "/Applications/Firefox.app/Contents/MacOS/firefox-bin" "--marionette" "-foreground" "-no-remote" "-profile" "/var/folders/r6/nb6z1l350yng5hfprt5hhgbm0000gn/T/rust_mozprofilezS6pzW"
console.error: SearchCache: "_readCacheFile: Error reading cache file:" (new Error("", "(unknown module)"))
1603128681340	Marionette	INFO	Listening on port 56280
1603128681405	Marionette	WARN	TLS certificate errors will be ignored for this session
1603128681406	Marionette	INFO	Proxy settings initialised: {"proxyType":"manual","httpProxy":"127.0.0.1:56267","noProxy":[],"sslProxy":"127.0.0.1:56267"}
1603128682311	Marionette	INFO	Stopped listening on port 56280
1603128710446	geckodriver	INFO	Listening on 127.0.0.1:56485
1603128711456	mozrunner::runner	INFO	Running command: "/Applications/Firefox.app/Contents/MacOS/firefox-bin" "--marionette" "-foreground" "-no-remote" "-profile" "/var/folders/r6/nb6z1l350yng5hfprt5hhgbm0000gn/T/rust_mozprofileodMbBI"
console.error: SearchCache: "_readCacheFile: Error reading cache file:" (new Error("", "(unknown module)"))
1603128713653	Marionette	INFO	Listening on port 56496
1603128713720	Marionette	WARN	TLS certificate errors will be ignored for this session
1603128713722	Marionette	INFO	Proxy settings initialised: {"proxyType":"manual","httpProxy":"127.0.0.1:56483","noProxy":[],"sslProxy":"127.0.0.1:56483"}
1603128802239	Marionette	INFO	Stopped listening on port 56496
1603128805312	geckodriver	INFO	Listening on 127.0.0.1:56988
1603128806323	mozrunner::runner	INFO	Running command: "/Applications/Firefox.app/Contents/MacOS/firefox-bin" "--marionette" "-foreground" "-no-remote" "-profile" "/var/folders/r6/nb6z1l350yng5hfprt5hhgbm0000gn/T/rust_mozprofile8fOTuN"
console.error: SearchCache: "_readCacheFile: Error reading cache file:" (new Error("", "(unknown module)"))
1603128808621	Marionette	INFO	Listening on port 56999
1603128808682	Marionette	WARN	TLS certificate errors will be ignored for this session
1603128808684	Marionette	INFO	Proxy settings initialised: {"proxyType":"manual","httpProxy":"127.0.0.1:56986","noProxy":[],"sslProxy":"127.0.0.1:56986"}
1603128836594	Marionette	INFO	Stopped listening on port 56999
1603128837481	geckodriver	INFO	Listening on 127.0.0.1:57204
1603128838486	mozrunner::runner	INFO	Running command: "/Applications/Firefox.app/Contents/MacOS/firefox-bin" "--marionette" "-foreground" "-no-remote" "-profile" "/var/folders/r6/nb6z1l350yng5hfprt5hhgbm0000gn/T/rust_mozprofileGMzAxM"
console.error: SearchCache: "_readCacheFile: Error reading cache file:" (new Error("", "(unknown module)"))
1603128840878	Marionette	INFO	Listening on port 57215
1603128840961	Marionette	WARN	TLS certificate errors will be ignored for this session
1603128840963	Marionette	INFO	Proxy settings initialised: {"proxyType":"manual","httpProxy":"127.0.0.1:57202","noProxy":[],"sslProxy":"127.0.0.1:57202"}
1603128864531	Marionette	INFO	Stopped listening on port 57215
1603128865677	geckodriver	INFO	Listening on 127.0.0.1:57402
1603128866690	mozrunner::runner	INFO	Running command: "/Applications/Firefox.app/Contents/MacOS/firefox-bin" "--marionette" "-foreground" "-no-remote" "-profile" "/var/folders/r6/nb6z1l350yng5hfprt5hhgbm0000gn/T/rust_mozprofilekvbrja"
console.error: SearchCache: "_readCacheFile: Error reading cache file:" (new Error("", "(unknown module)"))
1603128868667	Marionette	INFO	Listening on port 57413
1603128868736	Marionette	WARN	TLS certificate errors will be ignored for this session
1603128868738	Marionette	INFO	Proxy settings initialised: {"proxyType":"manual","httpProxy":"127.0.0.1:57400","noProxy":[],"sslProxy":"127.0.0.1:57400"}
1603128916675	Marionette	INFO	Stopped listening on port 57413
1603128924761	geckodriver	INFO	Listening on 127.0.0.1:57722
1603128925780	mozrunner::runner	INFO	Running command: "/Applications/Firefox.app/Contents/MacOS/firefox-bin" "--marionette" "-foreground" "-no-remote" "-profile" "/var/folders/r6/nb6z1l350yng5hfprt5hhgbm0000gn/T/rust_mozprofileX6juI4"
console.error: SearchCache: "_readCacheFile: Error reading cache file:" (new Error("", "(unknown module)"))
1603128927942	Marionette	INFO	Listening on port 57733
1603128928037	Marionette	WARN	TLS certificate errors will be ignored for this session
1603128928039	Marionette	INFO	Proxy settings initialised: {"proxyType":"manual","httpProxy":"127.0.0.1:57720","noProxy":[],"sslProxy":"127.0.0.1:57720"}
Exiting due to channel error.
[GFX1-]: Receive IPC close with reason=AbnormalShutdown
[GFX1-]: Receive IPC close with reason=AbnormalShutdown
Exiting due to channel error.
Exiting due to channel error.
1603128964893	geckodriver	INFO	Listening on 127.0.0.1:57967
1603128965904	mozrunner::runner	INFO	Running command: "/Applications/Firefox.app/Contents/MacOS/firefox-bin" "--marionette" "-foreground" "-no-remote" "-profile" "/var/folders/r6/nb6z1l350yng5hfprt5hhgbm0000gn/T/rust_mozprofilepllAu7"
console.error: SearchCache: "_readCacheFile: Error reading cache file:" (new Error("", "(unknown module)"))
1603128968058	Marionette	INFO	Listening on port 57978
1603128968064	Marionette	WARN	TLS certificate errors will be ignored for this session
1603128968066	Marionette	INFO	Proxy settings initialised: {"proxyType":"manual","httpProxy":"127.0.0.1:57965","noProxy":[],"sslProxy":"127.0.0.1:57965"}
1603129027944	Marionette	INFO	Stopped listening on port 57978
1603129036540	geckodriver	INFO	Listening on 127.0.0.1:58334
1603129037554	mozrunner::runner	INFO	Running command: "/Applications/Firefox.app/Contents/MacOS/firefox-bin" "--marionette" "-foreground" "-no-remote" "-profile" "/var/folders/r6/nb6z1l350yng5hfprt5hhgbm0000gn/T/rust_mozprofilepx9QGG"
console.error: SearchCache: "_readCacheFile: Error reading cache file:" (new Error("", "(unknown module)"))
1603129039737	Marionette	INFO	Listening on port 58345
1603129039815	Marionette	WARN	TLS certificate errors will be ignored for this session
1603129039817	Marionette	INFO	Proxy settings initialised: {"proxyType":"manual","httpProxy":"127.0.0.1:58332","noProxy":[],"sslProxy":"127.0.0.1:58332"}
1603129043958	Marionette	INFO	Stopped listening on port 58345
1603129057555	geckodriver	INFO	Listening on 127.0.0.1:58500
1603129058574	mozrunner::runner	INFO	Running command: "/Applications/Firefox.app/Contents/MacOS/firefox-bin" "--marionette" "-foreground" "-no-remote" "-profile" "/var/folders/r6/nb6z1l350yng5hfprt5hhgbm0000gn/T/rust_mozprofileeOPt9i"
console.error: SearchCache: "_readCacheFile: Error reading cache file:" (new Error("", "(unknown module)"))
1603129060750	Marionette	INFO	Listening on port 58511
1603129060826	Marionette	WARN	TLS certificate errors will be ignored for this session
1603129060830	Marionette	INFO	Proxy settings initialised: {"proxyType":"manual","httpProxy":"127.0.0.1:58498","noProxy":[],"sslProxy":"127.0.0.1:58498"}
1603129067065	Marionette	INFO	Stopped listening on port 58511
1603129073952	geckodriver	INFO	Listening on 127.0.0.1:58643
1603129074964	mozrunner::runner	INFO	Running command: "/Applications/Firefox.app/Contents/MacOS/firefox-bin" "--marionette" "-foreground" "-no-remote" "-profile" "/var/folders/r6/nb6z1l350yng5hfprt5hhgbm0000gn/T/rust_mozprofileNZisiW"
console.error: SearchCache: "_readCacheFile: Error reading cache file:" (new Error("", "(unknown module)"))
1603129077253	Marionette	INFO	Listening on port 58654
1603129077321	Marionette	WARN	TLS certificate errors will be ignored for this session
1603129077323	Marionette	INFO	Proxy settings initialised: {"proxyType":"manual","httpProxy":"127.0.0.1:58641","noProxy":[],"sslProxy":"127.0.0.1:58641"}
1603129078620	Marionette	INFO	Stopped listening on port 58654
1603129260442	geckodriver	INFO	Listening on 127.0.0.1:59496
1603129261457	mozrunner::runner	INFO	Running command: "/Applications/Firefox.app/Contents/MacOS/firefox-bin" "--marionette" "-foreground" "-no-remote" "-profile" "/var/folders/r6/nb6z1l350yng5hfprt5hhgbm0000gn/T/rust_mozprofileHxy6Wk"
console.error: SearchCache: "_readCacheFile: Error reading cache file:" (new Error("", "(unknown module)"))
1603129263692	Marionette	INFO	Listening on port 59507
1603129263709	Marionette	WARN	TLS certificate errors will be ignored for this session
1603129263710	Marionette	INFO	Proxy settings initialised: {"proxyType":"manual","httpProxy":"127.0.0.1:59494","noProxy":[],"sslProxy":"127.0.0.1:59494"}
1603129267105	Marionette	INFO	Stopped listening on port 59507
1603129379223	geckodriver	INFO	Listening on 127.0.0.1:60133
1603129380243	mozrunner::runner	INFO	Running command: "/Applications/Firefox.app/Contents/MacOS/firefox-bin" "--marionette" "-foreground" "-no-remote" "-profile" "/var/folders/r6/nb6z1l350yng5hfprt5hhgbm0000gn/T/rust_mozprofileXcrWJY"
console.error: SearchCache: "_readCacheFile: Error reading cache file:" (new Error("", "(unknown module)"))
1603129382622	Marionette	INFO	Listening on port 60144
1603129382737	Marionette	WARN	TLS certificate errors will be ignored for this session
1603129382739	Marionette	INFO	Proxy settings initialised: {"proxyType":"manual","httpProxy":"127.0.0.1:60131","noProxy":[],"sslProxy":"127.0.0.1:60131"}
1603129385316	Marionette	INFO	Stopped listening on port 60144
1603129426669	geckodriver	INFO	Listening on 127.0.0.1:60468
1603129427674	mozrunner::runner	INFO	Running command: "/Applications/Firefox.app/Contents/MacOS/firefox-bin" "--marionette" "-foreground" "-no-remote" "-profile" "/var/folders/r6/nb6z1l350yng5hfprt5hhgbm0000gn/T/rust_mozprofileA42ckf"
console.error: SearchCache: "_readCacheFile: Error reading cache file:" (new Error("", "(unknown module)"))
1603129429734	Marionette	INFO	Listening on port 60479
1603129429824	Marionette	WARN	TLS certificate errors will be ignored for this session
1603129429826	Marionette	INFO	Proxy settings initialised: {"proxyType":"manual","httpProxy":"127.0.0.1:60466","noProxy":[],"sslProxy":"127.0.0.1:60466"}
1603129440161	Marionette	INFO	Stopped listening on port 60479
1603129459547	geckodriver	INFO	Listening on 127.0.0.1:60689
1603129460565	mozrunner::runner	INFO	Running command: "/Applications/Firefox.app/Contents/MacOS/firefox-bin" "--marionette" "-foreground" "-no-remote" "-profile" "/var/folders/r6/nb6z1l350yng5hfprt5hhgbm0000gn/T/rust_mozprofileojZfU4"
console.error: SearchCache: "_readCacheFile: Error reading cache file:" (new Error("", "(unknown module)"))
1603129462851	Marionette	INFO	Listening on port 60700
1603129462918	Marionette	WARN	TLS certificate errors will be ignored for this session
1603129462919	Marionette	INFO	Proxy settings initialised: {"proxyType":"manual","httpProxy":"127.0.0.1:60687","noProxy":[],"sslProxy":"127.0.0.1:60687"}
1603130026892	geckodriver	INFO	Listening on 127.0.0.1:63147
1603130027896	mozrunner::runner	INFO	Running command: "/Applications/Firefox.app/Contents/MacOS/firefox-bin" "--marionette" "-foreground" "-no-remote" "-profile" "/var/folders/r6/nb6z1l350yng5hfprt5hhgbm0000gn/T/rust_mozprofileNjNEVL"
console.error: SearchCache: "_readCacheFile: Error reading cache file:" (new Error("", "(unknown module)"))
1603130030739	Marionette	INFO	Listening on port 63158
1603130030776	Marionette	WARN	TLS certificate errors will be ignored for this session
1603130030778	Marionette	INFO	Proxy settings initialised: {"proxyType":"manual","httpProxy":"127.0.0.1:63145","noProxy":[],"sslProxy":"127.0.0.1:63145"}
1603130036051	geckodriver	INFO	Listening on 127.0.0.1:63271
1603130037058	mozrunner::runner	INFO	Running command: "/Applications/Firefox.app/Contents/MacOS/firefox-bin" "--marionette" "-foreground" "-no-remote" "-profile" "/var/folders/r6/nb6z1l350yng5hfprt5hhgbm0000gn/T/rust_mozprofileiiNlqO"
console.error: SearchCache: "_readCacheFile: Error reading cache file:" (new Error("", "(unknown module)"))
1603130039421	Marionette	INFO	Listening on port 63282
1603130039509	Marionette	WARN	TLS certificate errors will be ignored for this session
1603130039510	Marionette	INFO	Proxy settings initialised: {"proxyType":"manual","httpProxy":"127.0.0.1:63269","noProxy":[],"sslProxy":"127.0.0.1:63269"}
JavaScript error: , line 0: AbortError: The fetching process for the media resource was aborted by the user agent at the user's request.
1603130091314	addons.xpi	ERROR	System addon update list error Error: Failed downloading XML, status: 0, reason: error
JavaScript error: , line 0: uncaught exception: Object
JavaScript error: , line 0: uncaught exception: Object
SourceActor threw an exception: Error: Failed to fetch https://www.instagram.com/explore/tags/clown/. Code 2152398920.
Stack: onResponse@resource://devtools/shared/DevToolsUtils.js:549:16
onStopRequest@resource://gre/modules/NetUtil.jsm:128:18
Line: 549, column: 16
console.error: (new Error("Failed to fetch https://www.instagram.com/explore/tags/clown/. Code 2152398920.", "resource://devtools/shared/DevToolsUtils.js", 549))
JavaScript error: resource://devtools/shared/DevToolsUtils.js, line 549: Error: Failed to fetch https://www.instagram.com/explore/tags/clown/. Code 2152398920.
SourceActor threw an exception: [Exception... "Component returned failure code: 0x80470002 (NS_BASE_STREAM_CLOSED) [nsIInputStream.available]"  nsresult: "0x80470002 (NS_BASE_STREAM_CLOSED)"  location: "JS frame :: resource://devtools/shared/DevToolsUtils.js :: onResponse :: line 560"  data: no]
Stack: onResponse@resource://devtools/shared/DevToolsUtils.js:560:34
onStopRequest@resource://gre/modules/NetUtil.jsm:128:18
Line: 560, column: 0
console.error: ({})
JavaScript error: resource://devtools/shared/DevToolsUtils.js, line 560: NS_BASE_STREAM_CLOSED: Component returned failure code: 0x80470002 (NS_BASE_STREAM_CLOSED) [nsIInputStream.available]
1603130314056	geckodriver	INFO	Listening on 127.0.0.1:49176
1603130315075	mozrunner::runner	INFO	Running command: "/Applications/Firefox.app/Contents/MacOS/firefox-bin" "--marionette" "-foreground" "-no-remote" "-profile" "/var/folders/r6/nb6z1l350yng5hfprt5hhgbm0000gn/T/rust_mozprofile1HPeEF"
console.error: SearchCache: "_readCacheFile: Error reading cache file:" (new Error("", "(unknown module)"))
1603130317584	Marionette	INFO	Listening on port 49187
1603130317640	Marionette	WARN	TLS certificate errors will be ignored for this session
1603130317643	Marionette	INFO	Proxy settings initialised: {"proxyType":"manual","httpProxy":"127.0.0.1:49174","noProxy":[],"sslProxy":"127.0.0.1:49174"}
JavaScript error: , line 0: AbortError: The fetching process for the media resource was aborted by the user agent at the user's request.
1603130456741	Marionette	WARN	TimedPromise timed out after 500 ms: stacktrace:
TimedPromise/<@chrome://marionette/content/sync.js:245:13
TimedPromise@chrome://marionette/content/sync.js:230:10
interaction.flushEventLoop@chrome://marionette/content/interaction.js:416:10
webdriverClickElement@chrome://marionette/content/interaction.js:182:31
JavaScript error: , line 0: AbortError: The fetching process for the media resource was aborted by the user agent at the user's request.
1603130594705	Marionette	INFO	Stopped listening on port 60700
1603130596399	Marionette	INFO	Stopped listening on port 63158
1603130597931	Marionette	INFO	Stopped listening on port 63282
SourceActor threw an exception: Error: Failed to fetch https://www.instagram.com/explore/tags/clown/. Code 2152398920.
Stack: onResponse@resource://devtools/shared/DevToolsUtils.js:549:16
onStopRequest@resource://gre/modules/NetUtil.jsm:128:18
Line: 549, column: 16
console.error: (new Error("Failed to fetch https://www.instagram.com/explore/tags/clown/. Code 2152398920.", "resource://devtools/shared/DevToolsUtils.js", 549))
SourceActor threw an exception: [Exception... "Component returned failure code: 0x80470002 (NS_BASE_STREAM_CLOSED) [nsIInputStream.available]"  nsresult: "0x80470002 (NS_BASE_STREAM_CLOSED)"  location: "JS frame :: resource://devtools/shared/DevToolsUtils.js :: onResponse :: line 560"  data: no]
Stack: onResponse@resource://devtools/shared/DevToolsUtils.js:560:34
onStopRequest@resource://gre/modules/NetUtil.jsm:128:18
Line: 560, column: 0
console.error: ({})
JavaScript error: resource://devtools/shared/DevToolsUtils.js, line 549: Error: Failed to fetch https://www.instagram.com/explore/tags/clown/. Code 2152398920.
JavaScript error: resource://devtools/shared/DevToolsUtils.js, line 560: NS_BASE_STREAM_CLOSED: Component returned failure code: 0x80470002 (NS_BASE_STREAM_CLOSED) [nsIInputStream.available]
1603130808686	Marionette	INFO	Stopped listening on port 49187
1603130821448	geckodriver	INFO	Listening on 127.0.0.1:55519
1603130822464	mozrunner::runner	INFO	Running command: "/Applications/Firefox.app/Contents/MacOS/firefox-bin" "--marionette" "-foreground" "-no-remote" "-profile" "/var/folders/r6/nb6z1l350yng5hfprt5hhgbm0000gn/T/rust_mozprofilevgW7EZ"
console.error: SearchCache: "_readCacheFile: Error reading cache file:" (new Error("", "(unknown module)"))
1603130824703	Marionette	INFO	Listening on port 55530
1603130824740	Marionette	WARN	TLS certificate errors will be ignored for this session
1603130824741	Marionette	INFO	Proxy settings initialised: {"proxyType":"manual","httpProxy":"127.0.0.1:55517","noProxy":[],"sslProxy":"127.0.0.1:55517"}
JavaScript error: , line 0: AbortError: The fetching process for the media resource was aborted by the user agent at the user's request.
JavaScript error: , line 0: uncaught exception: Object
1603131124922	Marionette	INFO	Stopped listening on port 55530
1603131147278	geckodriver	INFO	Listening on 127.0.0.1:58560
1603131148295	mozrunner::runner	INFO	Running command: "/Applications/Firefox.app/Contents/MacOS/firefox-bin" "--marionette" "-foreground" "-no-remote" "-profile" "/var/folders/r6/nb6z1l350yng5hfprt5hhgbm0000gn/T/rust_mozprofilebytTX5"
console.error: SearchCache: "_readCacheFile: Error reading cache file:" (new Error("", "(unknown module)"))
1603131150544	Marionette	INFO	Listening on port 58571
1603131150561	Marionette	WARN	TLS certificate errors will be ignored for this session
1603131150562	Marionette	INFO	Proxy settings initialised: {"proxyType":"manual","httpProxy":"127.0.0.1:58558","noProxy":[],"sslProxy":"127.0.0.1:58558"}
JavaScript error: , line 0: AbortError: The fetching process for the media resource was aborted by the user agent at the user's request.
JavaScript error: , line 0: AbortError: The fetching process for the media resource was aborted by the user agent at the user's request.
JavaScript error: , line 0: AbortError: The fetching process for the media resource was aborted by the user agent at the user's request.
JavaScript error: , line 0: AbortError: The fetching process for the media resource was aborted by the user agent at the user's request.
JavaScript error: , line 0: AbortError: The fetching process for the media resource was aborted by the user agent at the user's request.
1603132234206	geckodriver	INFO	Listening on 127.0.0.1:51361
1603132235224	mozrunner::runner	INFO	Running command: "/Applications/Firefox.app/Contents/MacOS/firefox-bin" "--marionette" "-foreground" "-no-remote" "-profile" "/var/folders/r6/nb6z1l350yng5hfprt5hhgbm0000gn/T/rust_mozprofileZ1K64S"
console.error: SearchCache: "_readCacheFile: Error reading cache file:" (new Error("", "(unknown module)"))
1603132237770	Marionette	INFO	Listening on port 51372
1603132237813	Marionette	WARN	TLS certificate errors will be ignored for this session
1603132237815	Marionette	INFO	Proxy settings initialised: {"proxyType":"manual","httpProxy":"127.0.0.1:51359","noProxy":[],"sslProxy":"127.0.0.1:51359"}
JavaScript error: , line 0: AbortError: The fetching process for the media resource was aborted by the user agent at the user's request.
Exiting due to channel error.
[GFX1-]: Receive IPC close with reason=AbnormalShutdown
Exiting due to channel error.
Exiting due to channel error.
[GFX1-]: Receive IPC close with reason=AbnormalShutdown
Exiting due to channel error.
Exiting due to channel error.
